<?xml version="1.0" encoding="UTF-8"?>
<testng-results skipped="0" failed="0" ignored="0" total="2" passed="2">
  <reporter-output>
  </reporter-output>
  <suite name="automtion Smoke test suite" duration-ms="41941" started-at="2021-03-11T06:05:26Z" finished-at="2021-03-11T06:06:08Z">
    <groups>
    </groups>
    <test name="DemoTest_case1" duration-ms="41941" started-at="2021-03-11T06:05:26Z" finished-at="2021-03-11T06:06:08Z">
      <class name="com.qa.smokesuite.testcases.DemoTest_case1">
        <test-method status="PASS" signature="setUp()[pri:0, instance:com.qa.smokesuite.testcases.DemoTest_case1@9ba398]" name="setUp" is-config="true" duration-ms="13288" started-at="2021-03-11T06:05:27Z" finished-at="2021-03-11T06:05:40Z">
          <reporter-output>
          </reporter-output>
        </test-method> <!-- setUp -->
        <test-method status="PASS" signature="test1()[pri:0, instance:com.qa.smokesuite.testcases.DemoTest_case1@9ba398]" name="test1" duration-ms="19463" started-at="2021-03-11T06:05:40Z" finished-at="2021-03-11T06:05:59Z">
          <reporter-output>
          </reporter-output>
        </test-method> <!-- test1 -->
        <test-method status="PASS" signature="tearDown()[pri:0, instance:com.qa.smokesuite.testcases.DemoTest_case1@9ba398]" name="tearDown" is-config="true" duration-ms="1888" started-at="2021-03-11T06:05:59Z" finished-at="2021-03-11T06:06:01Z">
          <reporter-output>
          </reporter-output>
        </test-method> <!-- tearDown -->
        <test-method status="PASS" signature="setUp()[pri:0, instance:com.qa.smokesuite.testcases.DemoTest_case1@9ba398]" name="setUp" is-config="true" duration-ms="5450" started-at="2021-03-11T06:06:01Z" finished-at="2021-03-11T06:06:07Z">
          <reporter-output>
          </reporter-output>
        </test-method> <!-- setUp -->
        <test-method status="PASS" signature="test2()[pri:0, instance:com.qa.smokesuite.testcases.DemoTest_case1@9ba398]" name="test2" duration-ms="2" started-at="2021-03-11T06:06:07Z" finished-at="2021-03-11T06:06:07Z">
          <reporter-output>
          </reporter-output>
        </test-method> <!-- test2 -->
        <test-method status="PASS" signature="tearDown()[pri:0, instance:com.qa.smokesuite.testcases.DemoTest_case1@9ba398]" name="tearDown" is-config="true" duration-ms="1784" started-at="2021-03-11T06:06:07Z" finished-at="2021-03-11T06:06:08Z">
          <reporter-output>
          </reporter-output>
        </test-method> <!-- tearDown -->
      </class> <!-- com.qa.smokesuite.testcases.DemoTest_case1 -->
    </test> <!-- DemoTest_case1 -->
  </suite> <!-- automtion Smoke test suite -->
</testng-results>
